<?xml version="1.0" encoding="UTF-8"?>
<!-- Generated by org.testng.reporters.JUnitReportReporter -->
<testsuite hostname="LAPTOP-28FAE8DJ" name="DummyTest" tests="1" failures="0" timestamp="13 Nov 2018 04:45:12 GMT" time="4.430" errors="0">
  <testcase name="test" time="4.430" classname="DummyTest"/>
</testsuite> <!-- DummyTest -->
